<?xml version="1.0" encoding="UTF-8"?>
<testsuite xmlns:xsi="http://www.w3.org/2001/XMLSchema-instance" xsi:noNamespaceSchemaLocation="https://maven.apache.org/surefire/maven-surefire-plugin/xsd/surefire-test-report-3.0.xsd" version="3.0" name="LoginTest" time="0.246" tests="10" errors="0" skipped="0" failures="1">
  <properties>
[...]
</properties>
  <testcase name="testPasswordDoesNotMeetComplexity" classname="LoginTest" time="0.07"/>
  <testcase name="testCellPhoneIncorrectlyFormatted" classname="LoginTest" time="0.005"/>
  <testcase name="testUsernameIncorrectlyFormatted" classname="LoginTest" time="0.003"/>
  <testcase name="testPasswordMeetsComplexity" classname="LoginTest" time="0.007"/>
  <testcase name="testLoginStatusFailed" classname="LoginTest" time="0.006"/>
  <testcase name="testLoginFailed" classname="LoginTest" time="0.002"/>
  <testcase name="testCellPhoneCorrectlyFormatted" classname="LoginTest" time="0.002"/>
  <testcase name="testLoginSuccessful" classname="LoginTest" time="0.002"/>
  <testcase name="testLoginStatusWelcomeMessage" classname="LoginTest" time="0.021">
    <failure message="expected: &lt;Welcome Lorem, Ipsum it is great to see you again.&gt; but was: &lt;Welcome Lorem, Ipsum  it is great to see you again.&gt;" type="org.opentest4j.AssertionFailedError"><![CDATA[org.opentest4j.AssertionFailedError: expected: <Welcome Lorem, Ipsum it is great to see you again.> but was: <Welcome Lorem, Ipsum  it is great to see you again.>
	at org.junit.jupiter.api.AssertionFailureBuilder.build(AssertionFailureBuilder.java:151)
	at org.junit.jupiter.api.AssertionFailureBuilder.buildAndThrow(AssertionFailureBuilder.java:132)
	at org.junit.jupiter.api.AssertEquals.failNotEqual(AssertEquals.java:197)
	at org.junit.jupiter.api.AssertEquals.assertEquals(AssertEquals.java:182)
	at org.junit.jupiter.api.AssertEquals.assertEquals(AssertEquals.java:177)
	at org.junit.jupiter.api.Assertions.assertEquals(Assertions.java:1145)
	at LoginTest.testLoginStatusWelcomeMessage(LoginTest.java:72)
	at java.base/java.lang.reflect.Method.invoke(Method.java:565)
	at java.base/java.util.ArrayList.forEach(ArrayList.java:1604)
	at java.base/java.util.ArrayList.forEach(ArrayList.java:1604)
]]></failure>
  </testcase>
  <testcase name="testUsernameCorrectlyFormatted" classname="LoginTest" time="0.007"/>
</testsuite>